[debug] [2021-09-29T21:38:17.410Z] ----------------------------------------------------------------------
[debug] [2021-09-29T21:38:17.411Z] Command:       C:\Program Files\nodejs\node.exe C:\Users\kkiokio\AppData\Roaming\npm\node_modules\firebase-tools\lib\bin\firebase.js emulators:start --only functions
[debug] [2021-09-29T21:38:17.412Z] CLI Version:   9.1.0
[debug] [2021-09-29T21:38:17.412Z] Platform:      win32
[debug] [2021-09-29T21:38:17.412Z] Node Version:  v15.6.0
[debug] [2021-09-29T21:38:17.413Z] Time:          Wed Sep 29 2021 17:38:17 GMT-0400 (Eastern Daylight Time)
[debug] [2021-09-29T21:38:17.413Z] ----------------------------------------------------------------------
[debug] [2021-09-29T21:38:17.413Z] 
[debug] [2021-09-29T21:38:17.420Z] > command requires scopes: ["email","openid","https://www.googleapis.com/auth/cloudplatformprojects.readonly","https://www.googleapis.com/auth/firebase","https://www.googleapis.com/auth/cloud-platform"]
[debug] [2021-09-29T21:38:17.420Z] > authorizing via signed-in user
[info] i  emulators: Starting emulators: functions {"metadata":{"emulator":{"name":"hub"},"message":"Starting emulators: functions"}}
[debug] [2021-09-29T21:38:17.438Z] [hub] writing locator at C:\Users\kkiokio\AppData\Local\Temp\hub-portfolio-website-689b4.json
[warn] !  functions: The following emulators are not running, calls to these services from the Functions emulator will affect production: auth, firestore, database, hosting, pubsub {"metadata":{"emulator":{"name":"functions"},"message":"The following emulators are not running, calls to these services from the Functions emulator will affect production: \u001b[1mauth, firestore, database, hosting, pubsub\u001b[22m"}}
[warn] !  Your requested "node" version "12" doesn't match your global version "15" {"metadata":{"emulator":{"name":"functions"},"message":"Your requested \"node\" version \"12\" doesn't match your global version \"15\""}}
[debug] [2021-09-29T21:38:17.467Z] defaultcredentials: writing to file C:\Users\kkiokio\AppData\Roaming\firebase\hrishirich619_gmail_com_application_default_credentials.json
[debug] [2021-09-29T21:38:17.469Z] Setting GAC to C:\Users\kkiokio\AppData\Roaming\firebase\hrishirich619_gmail_com_application_default_credentials.json {"metadata":{"emulator":{"name":"functions"},"message":"Setting GAC to C:\\Users\\kkiokio\\AppData\\Roaming\\firebase\\hrishirich619_gmail_com_application_default_credentials.json"}}
[warn] !  ui: Emulator UI unable to start on port 4000, starting on 4004 instead. {"metadata":{"emulator":{"name":"ui"},"message":"Emulator UI unable to start on port 4000, starting on 4004 instead."}}
[debug] [2021-09-29T21:38:17.825Z] Ignoring unsupported arg: auto_download {"metadata":{"emulator":{"name":"ui"},"message":"Ignoring unsupported arg: auto_download"}}
[debug] [2021-09-29T21:38:17.826Z] Ignoring unsupported arg: port {"metadata":{"emulator":{"name":"ui"},"message":"Ignoring unsupported arg: port"}}
[debug] [2021-09-29T21:38:17.826Z] Starting Emulator UI with command {"binary":"node","args":["C:\\Users\\kkiokio\\.cache\\firebase\\emulators\\ui-v1.4.1\\server.bundle.js"],"optionalArgs":[],"joinArgs":false} {"metadata":{"emulator":{"name":"ui"},"message":"Starting Emulator UI with command {\"binary\":\"node\",\"args\":[\"C:\\\\Users\\\\kkiokio\\\\.cache\\\\firebase\\\\emulators\\\\ui-v1.4.1\\\\server.bundle.js\"],\"optionalArgs\":[],\"joinArgs\":false}"}}
[info] i  ui: Emulator UI logging to ui-debug.log {"metadata":{"emulator":{"name":"ui"},"message":"Emulator UI logging to \u001b[1mui-debug.log\u001b[22m"}}
[debug] [2021-09-29T21:38:17.916Z] Web / API server started at http://localhost:4004
 {"metadata":{"emulator":{"name":"ui"},"message":"Web / API server started at http://localhost:4004\n"}}
[info] i  functions: Watching "D:\Website desing\kkiokio\functions" for Cloud Functions... {"metadata":{"emulator":{"name":"functions"},"message":"Watching \"D:\\Website desing\\kkiokio\\functions\" for Cloud Functions..."}}
[debug] [2021-09-29T21:38:18.096Z] [worker-pool] addWorker(~diagnostic~) {"metadata":{"emulator":{"name":"functions"},"message":"[worker-pool] addWorker(~diagnostic~)"}}
[debug] [2021-09-29T21:38:18.096Z] [worker-pool] Adding worker with key ~diagnostic~, total=1 {"metadata":{"emulator":{"name":"functions"},"message":"[worker-pool] Adding worker with key ~diagnostic~, total=1"}}
[debug] [2021-09-29T21:38:18.096Z] [worker-pool] submitWork(triggerId=) {"metadata":{"emulator":{"name":"functions"},"message":"[worker-pool] submitWork(triggerId=)"}}
[debug] [2021-09-29T21:38:18.097Z] [worker-~diagnostic~-62250aa2-e4e3-4cfa-90d9-38159d11c282]: Assigning socketPath: \\?\pipe\D:\Website desing\kkiokio\functions\13492 {"metadata":{"emulator":{"name":"functions"},"message":"[worker-~diagnostic~-62250aa2-e4e3-4cfa-90d9-38159d11c282]: Assigning socketPath: \\\\?\\pipe\\D:\\Website desing\\kkiokio\\functions\\13492"}}
[debug] [2021-09-29T21:38:18.097Z] [worker-~diagnostic~-62250aa2-e4e3-4cfa-90d9-38159d11c282]: BUSY {"metadata":{"emulator":{"name":"functions"},"message":"[worker-~diagnostic~-62250aa2-e4e3-4cfa-90d9-38159d11c282]: BUSY"}}
[debug] [2021-09-29T21:38:18.274Z] [runtime-status] [13492] Functions runtime initialized. {"cwd":"D:\\Website desing\\kkiokio\\functions","node_version":"15.6.0"} {"metadata":{"emulator":{"name":"functions"},"message":"[runtime-status] [13492] Functions runtime initialized. {\"cwd\":\"D:\\\\Website desing\\\\kkiokio\\\\functions\",\"node_version\":\"15.6.0\"}"}}
[debug] [2021-09-29T21:38:18.275Z] [runtime-status] [13492] Disabled runtime features: undefined {"metadata":{"emulator":{"name":"functions"},"message":"[runtime-status] [13492] Disabled runtime features: undefined"}}
[debug] [2021-09-29T21:38:18.277Z] [runtime-status] [13492] Resolved module firebase-admin {"declared":true,"installed":true,"version":"9.12.0","resolution":"D:\\Website desing\\kkiokio\\functions\\node_modules\\firebase-admin\\lib\\index.js"} {"metadata":{"emulator":{"name":"functions"},"message":"[runtime-status] [13492] Resolved module firebase-admin {\"declared\":true,\"installed\":true,\"version\":\"9.12.0\",\"resolution\":\"D:\\\\Website desing\\\\kkiokio\\\\functions\\\\node_modules\\\\firebase-admin\\\\lib\\\\index.js\"}"}}
[debug] [2021-09-29T21:38:18.280Z] [runtime-status] [13492] Resolved module firebase-functions {"declared":true,"installed":true,"version":"3.15.7","resolution":"D:\\Website desing\\kkiokio\\functions\\node_modules\\firebase-functions\\lib\\index.js"} {"metadata":{"emulator":{"name":"functions"},"message":"[runtime-status] [13492] Resolved module firebase-functions {\"declared\":true,\"installed\":true,\"version\":\"3.15.7\",\"resolution\":\"D:\\\\Website desing\\\\kkiokio\\\\functions\\\\node_modules\\\\firebase-functions\\\\lib\\\\index.js\"}"}}
[debug] [2021-09-29T21:38:18.282Z] [runtime-status] [13492] Resolved module firebase-functions {"declared":true,"installed":true,"version":"3.15.7","resolution":"D:\\Website desing\\kkiokio\\functions\\node_modules\\firebase-functions\\lib\\index.js"} {"metadata":{"emulator":{"name":"functions"},"message":"[runtime-status] [13492] Resolved module firebase-functions {\"declared\":true,\"installed\":true,\"version\":\"3.15.7\",\"resolution\":\"D:\\\\Website desing\\\\kkiokio\\\\functions\\\\node_modules\\\\firebase-functions\\\\lib\\\\index.js\"}"}}
[debug] [2021-09-29T21:38:18.284Z] [runtime-status] [13492] Outgoing network have been stubbed. [{"name":"http","status":"mocked"},{"name":"http","status":"mocked"},{"name":"https","status":"mocked"},{"name":"https","status":"mocked"},{"name":"net","status":"mocked"}] {"metadata":{"emulator":{"name":"functions"},"message":"[runtime-status] [13492] Outgoing network have been stubbed. [{\"name\":\"http\",\"status\":\"mocked\"},{\"name\":\"http\",\"status\":\"mocked\"},{\"name\":\"https\",\"status\":\"mocked\"},{\"name\":\"https\",\"status\":\"mocked\"},{\"name\":\"net\",\"status\":\"mocked\"}]"}}
[debug] [2021-09-29T21:38:18.284Z] [runtime-status] [13492] Resolved module firebase-functions {"declared":true,"installed":true,"version":"3.15.7","resolution":"D:\\Website desing\\kkiokio\\functions\\node_modules\\firebase-functions\\lib\\index.js"} {"metadata":{"emulator":{"name":"functions"},"message":"[runtime-status] [13492] Resolved module firebase-functions {\"declared\":true,\"installed\":true,\"version\":\"3.15.7\",\"resolution\":\"D:\\\\Website desing\\\\kkiokio\\\\functions\\\\node_modules\\\\firebase-functions\\\\lib\\\\index.js\"}"}}
[debug] [2021-09-29T21:38:18.325Z] [runtime-status] [13492] Checked functions.config() {"config":{}} {"metadata":{"emulator":{"name":"functions"},"message":"[runtime-status] [13492] Checked functions.config() {\"config\":{}}"}}
[debug] [2021-09-29T21:38:18.326Z] [runtime-status] [13492] firebase-functions has been stubbed. {"functionsResolution":{"declared":true,"installed":true,"version":"3.15.7","resolution":"D:\\Website desing\\kkiokio\\functions\\node_modules\\firebase-functions\\lib\\index.js"}} {"metadata":{"emulator":{"name":"functions"},"message":"[runtime-status] [13492] firebase-functions has been stubbed. {\"functionsResolution\":{\"declared\":true,\"installed\":true,\"version\":\"3.15.7\",\"resolution\":\"D:\\\\Website desing\\\\kkiokio\\\\functions\\\\node_modules\\\\firebase-functions\\\\lib\\\\index.js\"}}"}}
[debug] [2021-09-29T21:38:18.326Z] [runtime-status] [13492] Resolved module firebase-functions {"declared":true,"installed":true,"version":"3.15.7","resolution":"D:\\Website desing\\kkiokio\\functions\\node_modules\\firebase-functions\\lib\\index.js"} {"metadata":{"emulator":{"name":"functions"},"message":"[runtime-status] [13492] Resolved module firebase-functions {\"declared\":true,\"installed\":true,\"version\":\"3.15.7\",\"resolution\":\"D:\\\\Website desing\\\\kkiokio\\\\functions\\\\node_modules\\\\firebase-functions\\\\lib\\\\index.js\"}"}}
[debug] [2021-09-29T21:38:18.327Z] [runtime-status] [13492] Resolved module firebase-admin {"declared":true,"installed":true,"version":"9.12.0","resolution":"D:\\Website desing\\kkiokio\\functions\\node_modules\\firebase-admin\\lib\\index.js"} {"metadata":{"emulator":{"name":"functions"},"message":"[runtime-status] [13492] Resolved module firebase-admin {\"declared\":true,\"installed\":true,\"version\":\"9.12.0\",\"resolution\":\"D:\\\\Website desing\\\\kkiokio\\\\functions\\\\node_modules\\\\firebase-admin\\\\lib\\\\index.js\"}"}}
[debug] [2021-09-29T21:38:18.328Z] [runtime-status] [13492] Resolved module firebase-functions {"declared":true,"installed":true,"version":"3.15.7","resolution":"D:\\Website desing\\kkiokio\\functions\\node_modules\\firebase-functions\\lib\\index.js"} {"metadata":{"emulator":{"name":"functions"},"message":"[runtime-status] [13492] Resolved module firebase-functions {\"declared\":true,\"installed\":true,\"version\":\"3.15.7\",\"resolution\":\"D:\\\\Website desing\\\\kkiokio\\\\functions\\\\node_modules\\\\firebase-functions\\\\lib\\\\index.js\"}"}}
[debug] [2021-09-29T21:38:18.328Z] [runtime-status] [13492] firebase-admin has been stubbed. {"adminResolution":{"declared":true,"installed":true,"version":"9.12.0","resolution":"D:\\Website desing\\kkiokio\\functions\\node_modules\\firebase-admin\\lib\\index.js"}} {"metadata":{"emulator":{"name":"functions"},"message":"[runtime-status] [13492] firebase-admin has been stubbed. {\"adminResolution\":{\"declared\":true,\"installed\":true,\"version\":\"9.12.0\",\"resolution\":\"D:\\\\Website desing\\\\kkiokio\\\\functions\\\\node_modules\\\\firebase-admin\\\\lib\\\\index.js\"}}"}}
[info] +  functions[router]: http function initialized (http://localhost:5001/portfolio-website-689b4/us-central1/router). {"metadata":{"emulator":{"name":"functions"},"message":"\u001b[1mhttp\u001b[22m function initialized (http://localhost:5001/portfolio-website-689b4/us-central1/router)."}}
[info] 
┌─────────────────────────────────────────────────────────────┐
│ ✔  All emulators ready! It is now safe to connect your app. │
│ i  View Emulator UI at http://localhost:4004                │
└─────────────────────────────────────────────────────────────┘

┌───────────┬────────────────┬─────────────────────────────────┐
│ Emulator  │ Host:Port      │ View in Emulator UI             │
├───────────┼────────────────┼─────────────────────────────────┤
│ Functions │ localhost:5001 │ http://localhost:4004/functions │
└───────────┴────────────────┴─────────────────────────────────┘
  Emulator Hub running at localhost:4400
  Other reserved ports: 4500

Issues? Report them at https://github.com/firebase/firebase-tools/issues and attach the *-debug.log files.
 
[debug] [2021-09-29T21:38:18.596Z] [worker-~diagnostic~-62250aa2-e4e3-4cfa-90d9-38159d11c282]: IDLE {"metadata":{"emulator":{"name":"functions"},"message":"[worker-~diagnostic~-62250aa2-e4e3-4cfa-90d9-38159d11c282]: IDLE"}}
[debug] [2021-09-29T21:38:44.547Z] [work-queue] {"queueLength":1,"workRunningCount":0}
[debug] [2021-09-29T21:38:44.548Z] [work-queue] {"queueLength":0,"workRunningCount":1}
[debug] [2021-09-29T21:38:44.548Z] Accepted request GET /portfolio-website-689b4/us-central1/router --> router
[debug] [2021-09-29T21:38:44.552Z] [worker-pool] addWorker(router) {"metadata":{"emulator":{"name":"functions"},"message":"[worker-pool] addWorker(router)"}}
[debug] [2021-09-29T21:38:44.552Z] [worker-pool] Adding worker with key router, total=1 {"metadata":{"emulator":{"name":"functions"},"message":"[worker-pool] Adding worker with key router, total=1"}}
[debug] [2021-09-29T21:38:44.552Z] [worker-pool] submitWork(triggerId=router) {"metadata":{"emulator":{"name":"functions"},"message":"[worker-pool] submitWork(triggerId=router)"}}
[debug] [2021-09-29T21:38:44.552Z] [worker-router-91dfcccd-fc6c-458c-aa2b-79b561fb1aaa]: Assigning socketPath: \\?\pipe\D:\Website desing\kkiokio\functions\9452 {"metadata":{"emulator":{"name":"functions"},"message":"[worker-router-91dfcccd-fc6c-458c-aa2b-79b561fb1aaa]: Assigning socketPath: \\\\?\\pipe\\D:\\Website desing\\kkiokio\\functions\\9452"}}
[debug] [2021-09-29T21:38:44.552Z] [worker-router-91dfcccd-fc6c-458c-aa2b-79b561fb1aaa]: BUSY {"metadata":{"emulator":{"name":"functions"},"message":"[worker-router-91dfcccd-fc6c-458c-aa2b-79b561fb1aaa]: BUSY"}}
[debug] [2021-09-29T21:38:44.719Z] [runtime-status] [9452] Functions runtime initialized. {"cwd":"D:\\Website desing\\kkiokio\\functions","node_version":"15.6.0"} {"metadata":{"emulator":{"name":"functions"},"function":{"name":"router"},"message":"[runtime-status] [9452] Functions runtime initialized. {\"cwd\":\"D:\\\\Website desing\\\\kkiokio\\\\functions\",\"node_version\":\"15.6.0\"}"}}
[debug] [2021-09-29T21:38:44.720Z] [runtime-status] [9452] Disabled runtime features: undefined {"metadata":{"emulator":{"name":"functions"},"function":{"name":"router"},"message":"[runtime-status] [9452] Disabled runtime features: undefined"}}
[debug] [2021-09-29T21:38:44.722Z] [runtime-status] [9452] Resolved module firebase-admin {"declared":true,"installed":true,"version":"9.12.0","resolution":"D:\\Website desing\\kkiokio\\functions\\node_modules\\firebase-admin\\lib\\index.js"} {"metadata":{"emulator":{"name":"functions"},"function":{"name":"router"},"message":"[runtime-status] [9452] Resolved module firebase-admin {\"declared\":true,\"installed\":true,\"version\":\"9.12.0\",\"resolution\":\"D:\\\\Website desing\\\\kkiokio\\\\functions\\\\node_modules\\\\firebase-admin\\\\lib\\\\index.js\"}"}}
[debug] [2021-09-29T21:38:44.725Z] [runtime-status] [9452] Resolved module firebase-functions {"declared":true,"installed":true,"version":"3.15.7","resolution":"D:\\Website desing\\kkiokio\\functions\\node_modules\\firebase-functions\\lib\\index.js"} {"metadata":{"emulator":{"name":"functions"},"function":{"name":"router"},"message":"[runtime-status] [9452] Resolved module firebase-functions {\"declared\":true,\"installed\":true,\"version\":\"3.15.7\",\"resolution\":\"D:\\\\Website desing\\\\kkiokio\\\\functions\\\\node_modules\\\\firebase-functions\\\\lib\\\\index.js\"}"}}
[debug] [2021-09-29T21:38:44.727Z] [runtime-status] [9452] Resolved module firebase-functions {"declared":true,"installed":true,"version":"3.15.7","resolution":"D:\\Website desing\\kkiokio\\functions\\node_modules\\firebase-functions\\lib\\index.js"} {"metadata":{"emulator":{"name":"functions"},"function":{"name":"router"},"message":"[runtime-status] [9452] Resolved module firebase-functions {\"declared\":true,\"installed\":true,\"version\":\"3.15.7\",\"resolution\":\"D:\\\\Website desing\\\\kkiokio\\\\functions\\\\node_modules\\\\firebase-functions\\\\lib\\\\index.js\"}"}}
[debug] [2021-09-29T21:38:44.728Z] [runtime-status] [9452] Outgoing network have been stubbed. [{"name":"http","status":"mocked"},{"name":"http","status":"mocked"},{"name":"https","status":"mocked"},{"name":"https","status":"mocked"},{"name":"net","status":"mocked"}] {"metadata":{"emulator":{"name":"functions"},"function":{"name":"router"},"message":"[runtime-status] [9452] Outgoing network have been stubbed. [{\"name\":\"http\",\"status\":\"mocked\"},{\"name\":\"http\",\"status\":\"mocked\"},{\"name\":\"https\",\"status\":\"mocked\"},{\"name\":\"https\",\"status\":\"mocked\"},{\"name\":\"net\",\"status\":\"mocked\"}]"}}
[debug] [2021-09-29T21:38:44.729Z] [runtime-status] [9452] Resolved module firebase-functions {"declared":true,"installed":true,"version":"3.15.7","resolution":"D:\\Website desing\\kkiokio\\functions\\node_modules\\firebase-functions\\lib\\index.js"} {"metadata":{"emulator":{"name":"functions"},"function":{"name":"router"},"message":"[runtime-status] [9452] Resolved module firebase-functions {\"declared\":true,\"installed\":true,\"version\":\"3.15.7\",\"resolution\":\"D:\\\\Website desing\\\\kkiokio\\\\functions\\\\node_modules\\\\firebase-functions\\\\lib\\\\index.js\"}"}}
[debug] [2021-09-29T21:38:44.769Z] [runtime-status] [9452] Checked functions.config() {"config":{}} {"metadata":{"emulator":{"name":"functions"},"function":{"name":"router"},"message":"[runtime-status] [9452] Checked functions.config() {\"config\":{}}"}}
[debug] [2021-09-29T21:38:44.769Z] [runtime-status] [9452] firebase-functions has been stubbed. {"functionsResolution":{"declared":true,"installed":true,"version":"3.15.7","resolution":"D:\\Website desing\\kkiokio\\functions\\node_modules\\firebase-functions\\lib\\index.js"}} {"metadata":{"emulator":{"name":"functions"},"function":{"name":"router"},"message":"[runtime-status] [9452] firebase-functions has been stubbed. {\"functionsResolution\":{\"declared\":true,\"installed\":true,\"version\":\"3.15.7\",\"resolution\":\"D:\\\\Website desing\\\\kkiokio\\\\functions\\\\node_modules\\\\firebase-functions\\\\lib\\\\index.js\"}}"}}
[debug] [2021-09-29T21:38:44.770Z] [runtime-status] [9452] Resolved module firebase-functions {"declared":true,"installed":true,"version":"3.15.7","resolution":"D:\\Website desing\\kkiokio\\functions\\node_modules\\firebase-functions\\lib\\index.js"} {"metadata":{"emulator":{"name":"functions"},"function":{"name":"router"},"message":"[runtime-status] [9452] Resolved module firebase-functions {\"declared\":true,\"installed\":true,\"version\":\"3.15.7\",\"resolution\":\"D:\\\\Website desing\\\\kkiokio\\\\functions\\\\node_modules\\\\firebase-functions\\\\lib\\\\index.js\"}"}}
[debug] [2021-09-29T21:38:44.771Z] [runtime-status] [9452] Resolved module firebase-admin {"declared":true,"installed":true,"version":"9.12.0","resolution":"D:\\Website desing\\kkiokio\\functions\\node_modules\\firebase-admin\\lib\\index.js"} {"metadata":{"emulator":{"name":"functions"},"function":{"name":"router"},"message":"[runtime-status] [9452] Resolved module firebase-admin {\"declared\":true,\"installed\":true,\"version\":\"9.12.0\",\"resolution\":\"D:\\\\Website desing\\\\kkiokio\\\\functions\\\\node_modules\\\\firebase-admin\\\\lib\\\\index.js\"}"}}
[debug] [2021-09-29T21:38:44.771Z] [runtime-status] [9452] Resolved module firebase-functions {"declared":true,"installed":true,"version":"3.15.7","resolution":"D:\\Website desing\\kkiokio\\functions\\node_modules\\firebase-functions\\lib\\index.js"} {"metadata":{"emulator":{"name":"functions"},"function":{"name":"router"},"message":"[runtime-status] [9452] Resolved module firebase-functions {\"declared\":true,\"installed\":true,\"version\":\"3.15.7\",\"resolution\":\"D:\\\\Website desing\\\\kkiokio\\\\functions\\\\node_modules\\\\firebase-functions\\\\lib\\\\index.js\"}"}}
[debug] [2021-09-29T21:38:44.771Z] [runtime-status] [9452] firebase-admin has been stubbed. {"adminResolution":{"declared":true,"installed":true,"version":"9.12.0","resolution":"D:\\Website desing\\kkiokio\\functions\\node_modules\\firebase-admin\\lib\\index.js"}} {"metadata":{"emulator":{"name":"functions"},"function":{"name":"router"},"message":"[runtime-status] [9452] firebase-admin has been stubbed. {\"adminResolution\":{\"declared\":true,\"installed\":true,\"version\":\"9.12.0\",\"resolution\":\"D:\\\\Website desing\\\\kkiokio\\\\functions\\\\node_modules\\\\firebase-admin\\\\lib\\\\index.js\"}}"}}
[debug] [2021-09-29T21:38:45.026Z] [runtime-status] [9452] Trigger "router" has been found, beginning invocation! {"metadata":{"emulator":{"name":"functions"},"function":{"name":"router"},"message":"[runtime-status] [9452] Trigger \"router\" has been found, beginning invocation!"}}
[info] i  functions: Beginning execution of "router" {"metadata":{"emulator":{"name":"functions"},"function":{"name":"router"},"message":"Beginning execution of \"router\""}}
[debug] [2021-09-29T21:38:45.027Z] [runtime-status] [9452] triggerDefinition {"httpsTrigger":{},"name":"router","entryPoint":"router"} {"metadata":{"emulator":{"name":"functions"},"function":{"name":"router"},"message":"[runtime-status] [9452] triggerDefinition {\"httpsTrigger\":{},\"name\":\"router\",\"entryPoint\":\"router\"}"}}
[debug] [2021-09-29T21:38:45.027Z] [runtime-status] [9452] Running router in mode HTTPS {"metadata":{"emulator":{"name":"functions"},"function":{"name":"router"},"message":"[runtime-status] [9452] Running router in mode HTTPS"}}
[debug] [2021-09-29T21:38:45.030Z] [runtime-status] [9452] Attempting to listen to socketPath: \\?\pipe\D:\Website desing\kkiokio\functions\9452 {"metadata":{"emulator":{"name":"functions"},"function":{"name":"router"},"message":"[runtime-status] [9452] Attempting to listen to socketPath: \\\\?\\pipe\\D:\\Website desing\\kkiokio\\functions\\9452"}}
[debug] [2021-09-29T21:38:45.032Z] [functions] Runtime ready! Sending request! {"metadata":{"emulator":{"name":"functions"},"message":"[functions] Runtime ready! Sending request!"}}
[debug] [2021-09-29T21:38:45.039Z] [runtime-status] [9452] Ephemeral server handling GET request {"metadata":{"emulator":{"name":"functions"},"function":{"name":"router"},"message":"[runtime-status] [9452] Ephemeral server handling GET request"}}
[debug] [2021-09-29T21:38:45.044Z] [runtime-status] [9452] Ephemeral server survived. {"metadata":{"emulator":{"name":"functions"},"function":{"name":"router"},"message":"[runtime-status] [9452] Ephemeral server survived."}}
[info] i  functions: Finished "router" in ~1s {"metadata":{"emulator":{"name":"functions"},"function":{"name":"router"},"message":"Finished \"router\" in ~1s"}}
[debug] [2021-09-29T21:38:45.047Z] [worker-router-91dfcccd-fc6c-458c-aa2b-79b561fb1aaa]: IDLE {"metadata":{"emulator":{"name":"functions"},"message":"[worker-router-91dfcccd-fc6c-458c-aa2b-79b561fb1aaa]: IDLE"}}
[debug] [2021-09-29T21:38:45.047Z] [work-queue] {"queueLength":0,"workRunningCount":0}
[debug] [2021-09-29T21:39:42.819Z] [work-queue] {"queueLength":1,"workRunningCount":0}
[debug] [2021-09-29T21:39:42.819Z] [work-queue] {"queueLength":0,"workRunningCount":1}
[debug] [2021-09-29T21:39:42.819Z] Accepted request GET /portfolio-website-689b4/us-central1/router/loginUser --> router
[debug] [2021-09-29T21:39:42.819Z] [worker-pool] submitWork(triggerId=router) {"metadata":{"emulator":{"name":"functions"},"message":"[worker-pool] submitWork(triggerId=router)"}}
[debug] [2021-09-29T21:39:42.819Z] [worker-router-91dfcccd-fc6c-458c-aa2b-79b561fb1aaa]: Assigning socketPath: \\?\pipe\D:\Website desing\kkiokio\functions\9452 {"metadata":{"emulator":{"name":"functions"},"message":"[worker-router-91dfcccd-fc6c-458c-aa2b-79b561fb1aaa]: Assigning socketPath: \\\\?\\pipe\\D:\\Website desing\\kkiokio\\functions\\9452"}}
[debug] [2021-09-29T21:39:42.820Z] [worker-router-91dfcccd-fc6c-458c-aa2b-79b561fb1aaa]: BUSY {"metadata":{"emulator":{"name":"functions"},"message":"[worker-router-91dfcccd-fc6c-458c-aa2b-79b561fb1aaa]: BUSY"}}
[debug] [2021-09-29T21:39:42.820Z] [runtime-status] [9452] Trigger "router" has been found, beginning invocation! {"metadata":{"emulator":{"name":"functions"},"function":{"name":"router"},"message":"[runtime-status] [9452] Trigger \"router\" has been found, beginning invocation!"}}
[info] i  functions: Beginning execution of "router" {"metadata":{"emulator":{"name":"functions"},"function":{"name":"router"},"message":"Beginning execution of \"router\""}}
[debug] [2021-09-29T21:39:42.821Z] [runtime-status] [9452] triggerDefinition {"httpsTrigger":{},"name":"router","entryPoint":"router"} {"metadata":{"emulator":{"name":"functions"},"function":{"name":"router"},"message":"[runtime-status] [9452] triggerDefinition {\"httpsTrigger\":{},\"name\":\"router\",\"entryPoint\":\"router\"}"}}
[debug] [2021-09-29T21:39:42.821Z] [runtime-status] [9452] Running router in mode HTTPS {"metadata":{"emulator":{"name":"functions"},"function":{"name":"router"},"message":"[runtime-status] [9452] Running router in mode HTTPS"}}
[debug] [2021-09-29T21:39:42.821Z] [runtime-status] [9452] Attempting to listen to socketPath: \\?\pipe\D:\Website desing\kkiokio\functions\9452 {"metadata":{"emulator":{"name":"functions"},"function":{"name":"router"},"message":"[runtime-status] [9452] Attempting to listen to socketPath: \\\\?\\pipe\\D:\\Website desing\\kkiokio\\functions\\9452"}}
[debug] [2021-09-29T21:39:42.822Z] [functions] Runtime ready! Sending request! {"metadata":{"emulator":{"name":"functions"},"message":"[functions] Runtime ready! Sending request!"}}
[debug] [2021-09-29T21:39:42.834Z] [runtime-status] [9452] Ephemeral server handling GET request {"metadata":{"emulator":{"name":"functions"},"function":{"name":"router"},"message":"[runtime-status] [9452] Ephemeral server handling GET request"}}
[debug] [2021-09-29T21:39:42.835Z] [runtime-status] [9452] Ephemeral server survived. {"metadata":{"emulator":{"name":"functions"},"function":{"name":"router"},"message":"[runtime-status] [9452] Ephemeral server survived."}}
[info] >  D:\Website desing\kkiokio\functions\node_modules\express\lib\router\index.js:635 {"user":"D:\\Website desing\\kkiokio\\functions\\node_modules\\express\\lib\\router\\index.js:635\r","metadata":{"emulator":{"name":"functions"},"function":{"name":"router"},"message":"\u001b[90m> \u001b[39m D:\\Website desing\\kkiokio\\functions\\node_modules\\express\\lib\\router\\index.js:635\r"}}
[info] >      return fn.apply(this, arguments); {"user":"    return fn.apply(this, arguments);\r","metadata":{"emulator":{"name":"functions"},"function":{"name":"router"},"message":"\u001b[90m> \u001b[39m     return fn.apply(this, arguments);\r"}}
[info] >                ^ {"user":"              ^\r","metadata":{"emulator":{"name":"functions"},"function":{"name":"router"},"message":"\u001b[90m> \u001b[39m               ^\r"}}
[info] >   {"user":"\r","metadata":{"emulator":{"name":"functions"},"function":{"name":"router"},"message":"\u001b[90m> \u001b[39m \r"}}
[info] >  TypeError: Cannot read property 'apply' of undefined {"user":"TypeError: Cannot read property 'apply' of undefined\r","metadata":{"emulator":{"name":"functions"},"function":{"name":"router"},"message":"\u001b[90m> \u001b[39m TypeError: Cannot read property 'apply' of undefined\r"}}
[info] >      at Immediate.<anonymous> (D:\Website desing\kkiokio\functions\node_modules\express\lib\router\index.js:635:15) {"user":"    at Immediate.<anonymous> (D:\\Website desing\\kkiokio\\functions\\node_modules\\express\\lib\\router\\index.js:635:15)\r","metadata":{"emulator":{"name":"functions"},"function":{"name":"router"},"message":"\u001b[90m> \u001b[39m     at Immediate.<anonymous> (D:\\Website desing\\kkiokio\\functions\\node_modules\\express\\lib\\router\\index.js:635:15)\r"}}
[info] >      at processImmediate (node:internal/timers:465:21) {"user":"    at processImmediate (node:internal/timers:465:21)\r","metadata":{"emulator":{"name":"functions"},"function":{"name":"router"},"message":"\u001b[90m> \u001b[39m     at processImmediate (node:internal/timers:465:21)\r"}}
[debug] [2021-09-29T21:39:42.842Z] [worker-router-91dfcccd-fc6c-458c-aa2b-79b561fb1aaa]: exited {"metadata":{"emulator":{"name":"functions"},"message":"[worker-router-91dfcccd-fc6c-458c-aa2b-79b561fb1aaa]: exited"}}
[debug] [2021-09-29T21:39:42.843Z] [worker-router-91dfcccd-fc6c-458c-aa2b-79b561fb1aaa]: FINISHED {"metadata":{"emulator":{"name":"functions"},"message":"[worker-router-91dfcccd-fc6c-458c-aa2b-79b561fb1aaa]: FINISHED"}}
[debug] [2021-09-29T21:39:42.843Z] [work-queue] {"queueLength":0,"workRunningCount":0}
[debug] [2021-09-29T21:40:20.206Z] [work-queue] {"queueLength":1,"workRunningCount":0}
[debug] [2021-09-29T21:40:20.206Z] [work-queue] {"queueLength":0,"workRunningCount":1}
[debug] [2021-09-29T21:40:20.206Z] Accepted request POST /portfolio-website-689b4/us-central1/router/register --> router
[debug] [2021-09-29T21:40:20.206Z] [worker-pool] Cleaned up workers for router: 1 --> 0 {"metadata":{"emulator":{"name":"functions"},"message":"[worker-pool] Cleaned up workers for router: 1 --> 0"}}
[debug] [2021-09-29T21:40:20.209Z] [worker-pool] addWorker(router) {"metadata":{"emulator":{"name":"functions"},"message":"[worker-pool] addWorker(router)"}}
[debug] [2021-09-29T21:40:20.210Z] [worker-pool] Adding worker with key router, total=1 {"metadata":{"emulator":{"name":"functions"},"message":"[worker-pool] Adding worker with key router, total=1"}}
[debug] [2021-09-29T21:40:20.210Z] [worker-pool] submitWork(triggerId=router) {"metadata":{"emulator":{"name":"functions"},"message":"[worker-pool] submitWork(triggerId=router)"}}
[debug] [2021-09-29T21:40:20.210Z] [worker-router-6abac214-46e5-4c74-acd5-e866c854c27f]: Assigning socketPath: \\?\pipe\D:\Website desing\kkiokio\functions\14972 {"metadata":{"emulator":{"name":"functions"},"message":"[worker-router-6abac214-46e5-4c74-acd5-e866c854c27f]: Assigning socketPath: \\\\?\\pipe\\D:\\Website desing\\kkiokio\\functions\\14972"}}
[debug] [2021-09-29T21:40:20.210Z] [worker-router-6abac214-46e5-4c74-acd5-e866c854c27f]: BUSY {"metadata":{"emulator":{"name":"functions"},"message":"[worker-router-6abac214-46e5-4c74-acd5-e866c854c27f]: BUSY"}}
[debug] [2021-09-29T21:40:20.380Z] [runtime-status] [14972] Functions runtime initialized. {"cwd":"D:\\Website desing\\kkiokio\\functions","node_version":"15.6.0"} {"metadata":{"emulator":{"name":"functions"},"function":{"name":"router"},"message":"[runtime-status] [14972] Functions runtime initialized. {\"cwd\":\"D:\\\\Website desing\\\\kkiokio\\\\functions\",\"node_version\":\"15.6.0\"}"}}
[debug] [2021-09-29T21:40:20.381Z] [runtime-status] [14972] Disabled runtime features: undefined {"metadata":{"emulator":{"name":"functions"},"function":{"name":"router"},"message":"[runtime-status] [14972] Disabled runtime features: undefined"}}
[debug] [2021-09-29T21:40:20.383Z] [runtime-status] [14972] Resolved module firebase-admin {"declared":true,"installed":true,"version":"9.12.0","resolution":"D:\\Website desing\\kkiokio\\functions\\node_modules\\firebase-admin\\lib\\index.js"} {"metadata":{"emulator":{"name":"functions"},"function":{"name":"router"},"message":"[runtime-status] [14972] Resolved module firebase-admin {\"declared\":true,\"installed\":true,\"version\":\"9.12.0\",\"resolution\":\"D:\\\\Website desing\\\\kkiokio\\\\functions\\\\node_modules\\\\firebase-admin\\\\lib\\\\index.js\"}"}}
[debug] [2021-09-29T21:40:20.386Z] [runtime-status] [14972] Resolved module firebase-functions {"declared":true,"installed":true,"version":"3.15.7","resolution":"D:\\Website desing\\kkiokio\\functions\\node_modules\\firebase-functions\\lib\\index.js"} {"metadata":{"emulator":{"name":"functions"},"function":{"name":"router"},"message":"[runtime-status] [14972] Resolved module firebase-functions {\"declared\":true,\"installed\":true,\"version\":\"3.15.7\",\"resolution\":\"D:\\\\Website desing\\\\kkiokio\\\\functions\\\\node_modules\\\\firebase-functions\\\\lib\\\\index.js\"}"}}
[debug] [2021-09-29T21:40:20.388Z] [runtime-status] [14972] Resolved module firebase-functions {"declared":true,"installed":true,"version":"3.15.7","resolution":"D:\\Website desing\\kkiokio\\functions\\node_modules\\firebase-functions\\lib\\index.js"} {"metadata":{"emulator":{"name":"functions"},"function":{"name":"router"},"message":"[runtime-status] [14972] Resolved module firebase-functions {\"declared\":true,\"installed\":true,\"version\":\"3.15.7\",\"resolution\":\"D:\\\\Website desing\\\\kkiokio\\\\functions\\\\node_modules\\\\firebase-functions\\\\lib\\\\index.js\"}"}}
[debug] [2021-09-29T21:40:20.389Z] [runtime-status] [14972] Outgoing network have been stubbed. [{"name":"http","status":"mocked"},{"name":"http","status":"mocked"},{"name":"https","status":"mocked"},{"name":"https","status":"mocked"},{"name":"net","status":"mocked"}] {"metadata":{"emulator":{"name":"functions"},"function":{"name":"router"},"message":"[runtime-status] [14972] Outgoing network have been stubbed. [{\"name\":\"http\",\"status\":\"mocked\"},{\"name\":\"http\",\"status\":\"mocked\"},{\"name\":\"https\",\"status\":\"mocked\"},{\"name\":\"https\",\"status\":\"mocked\"},{\"name\":\"net\",\"status\":\"mocked\"}]"}}
[debug] [2021-09-29T21:40:20.390Z] [runtime-status] [14972] Resolved module firebase-functions {"declared":true,"installed":true,"version":"3.15.7","resolution":"D:\\Website desing\\kkiokio\\functions\\node_modules\\firebase-functions\\lib\\index.js"} {"metadata":{"emulator":{"name":"functions"},"function":{"name":"router"},"message":"[runtime-status] [14972] Resolved module firebase-functions {\"declared\":true,\"installed\":true,\"version\":\"3.15.7\",\"resolution\":\"D:\\\\Website desing\\\\kkiokio\\\\functions\\\\node_modules\\\\firebase-functions\\\\lib\\\\index.js\"}"}}
[debug] [2021-09-29T21:40:20.431Z] [runtime-status] [14972] Checked functions.config() {"config":{}} {"metadata":{"emulator":{"name":"functions"},"function":{"name":"router"},"message":"[runtime-status] [14972] Checked functions.config() {\"config\":{}}"}}
[debug] [2021-09-29T21:40:20.432Z] [runtime-status] [14972] firebase-functions has been stubbed. {"functionsResolution":{"declared":true,"installed":true,"version":"3.15.7","resolution":"D:\\Website desing\\kkiokio\\functions\\node_modules\\firebase-functions\\lib\\index.js"}} {"metadata":{"emulator":{"name":"functions"},"function":{"name":"router"},"message":"[runtime-status] [14972] firebase-functions has been stubbed. {\"functionsResolution\":{\"declared\":true,\"installed\":true,\"version\":\"3.15.7\",\"resolution\":\"D:\\\\Website desing\\\\kkiokio\\\\functions\\\\node_modules\\\\firebase-functions\\\\lib\\\\index.js\"}}"}}
[debug] [2021-09-29T21:40:20.432Z] [runtime-status] [14972] Resolved module firebase-functions {"declared":true,"installed":true,"version":"3.15.7","resolution":"D:\\Website desing\\kkiokio\\functions\\node_modules\\firebase-functions\\lib\\index.js"} {"metadata":{"emulator":{"name":"functions"},"function":{"name":"router"},"message":"[runtime-status] [14972] Resolved module firebase-functions {\"declared\":true,\"installed\":true,\"version\":\"3.15.7\",\"resolution\":\"D:\\\\Website desing\\\\kkiokio\\\\functions\\\\node_modules\\\\firebase-functions\\\\lib\\\\index.js\"}"}}
[debug] [2021-09-29T21:40:20.432Z] [runtime-status] [14972] Resolved module firebase-admin {"declared":true,"installed":true,"version":"9.12.0","resolution":"D:\\Website desing\\kkiokio\\functions\\node_modules\\firebase-admin\\lib\\index.js"} {"metadata":{"emulator":{"name":"functions"},"function":{"name":"router"},"message":"[runtime-status] [14972] Resolved module firebase-admin {\"declared\":true,\"installed\":true,\"version\":\"9.12.0\",\"resolution\":\"D:\\\\Website desing\\\\kkiokio\\\\functions\\\\node_modules\\\\firebase-admin\\\\lib\\\\index.js\"}"}}
[debug] [2021-09-29T21:40:20.432Z] [runtime-status] [14972] Resolved module firebase-functions {"declared":true,"installed":true,"version":"3.15.7","resolution":"D:\\Website desing\\kkiokio\\functions\\node_modules\\firebase-functions\\lib\\index.js"} {"metadata":{"emulator":{"name":"functions"},"function":{"name":"router"},"message":"[runtime-status] [14972] Resolved module firebase-functions {\"declared\":true,\"installed\":true,\"version\":\"3.15.7\",\"resolution\":\"D:\\\\Website desing\\\\kkiokio\\\\functions\\\\node_modules\\\\firebase-functions\\\\lib\\\\index.js\"}"}}
[debug] [2021-09-29T21:40:20.433Z] [runtime-status] [14972] firebase-admin has been stubbed. {"adminResolution":{"declared":true,"installed":true,"version":"9.12.0","resolution":"D:\\Website desing\\kkiokio\\functions\\node_modules\\firebase-admin\\lib\\index.js"}} {"metadata":{"emulator":{"name":"functions"},"function":{"name":"router"},"message":"[runtime-status] [14972] firebase-admin has been stubbed. {\"adminResolution\":{\"declared\":true,\"installed\":true,\"version\":\"9.12.0\",\"resolution\":\"D:\\\\Website desing\\\\kkiokio\\\\functions\\\\node_modules\\\\firebase-admin\\\\lib\\\\index.js\"}}"}}
[debug] [2021-09-29T21:40:20.691Z] [runtime-status] [14972] Trigger "router" has been found, beginning invocation! {"metadata":{"emulator":{"name":"functions"},"function":{"name":"router"},"message":"[runtime-status] [14972] Trigger \"router\" has been found, beginning invocation!"}}
[info] i  functions: Beginning execution of "router" {"metadata":{"emulator":{"name":"functions"},"function":{"name":"router"},"message":"Beginning execution of \"router\""}}
[debug] [2021-09-29T21:40:20.692Z] [runtime-status] [14972] triggerDefinition {"httpsTrigger":{},"name":"router","entryPoint":"router"} {"metadata":{"emulator":{"name":"functions"},"function":{"name":"router"},"message":"[runtime-status] [14972] triggerDefinition {\"httpsTrigger\":{},\"name\":\"router\",\"entryPoint\":\"router\"}"}}
[debug] [2021-09-29T21:40:20.692Z] [runtime-status] [14972] Running router in mode HTTPS {"metadata":{"emulator":{"name":"functions"},"function":{"name":"router"},"message":"[runtime-status] [14972] Running router in mode HTTPS"}}
[debug] [2021-09-29T21:40:20.694Z] [runtime-status] [14972] Attempting to listen to socketPath: \\?\pipe\D:\Website desing\kkiokio\functions\14972 {"metadata":{"emulator":{"name":"functions"},"function":{"name":"router"},"message":"[runtime-status] [14972] Attempting to listen to socketPath: \\\\?\\pipe\\D:\\Website desing\\kkiokio\\functions\\14972"}}
[debug] [2021-09-29T21:40:20.697Z] [functions] Runtime ready! Sending request! {"metadata":{"emulator":{"name":"functions"},"message":"[functions] Runtime ready! Sending request!"}}
[debug] [2021-09-29T21:40:20.712Z] [runtime-status] [14972] Ephemeral server handling POST request {"metadata":{"emulator":{"name":"functions"},"function":{"name":"router"},"message":"[runtime-status] [14972] Ephemeral server handling POST request"}}
[debug] [2021-09-29T21:40:20.730Z] [runtime-status] [14972] Ephemeral server survived. {"metadata":{"emulator":{"name":"functions"},"function":{"name":"router"},"message":"[runtime-status] [14972] Ephemeral server survived."}}
[debug] [2021-09-29T21:40:20.777Z] File D:\Website desing\kkiokio\functions\sqlitedb-journal changed, reloading triggers {"metadata":{"emulator":{"name":"functions"},"message":"File D:\\Website desing\\kkiokio\\functions\\sqlitedb-journal changed, reloading triggers"}}
[debug] [2021-09-29T21:40:20.814Z] File D:\Website desing\kkiokio\functions\sqlitedb changed, reloading triggers {"metadata":{"emulator":{"name":"functions"},"message":"File D:\\Website desing\\kkiokio\\functions\\sqlitedb changed, reloading triggers"}}
